Using pre-set license
Built from '2021.2/staging' branch; Version is '2021.2.2f1 (5e2b1e92c7f8) revision 6171422'; Using compiler version '192829333'; Build Type 'Release'
OS: 'Windows 10 Pro; OS build 19044.1348; Version 2009; 64bit' Language: 'en' Physical Memory: 16295 MB
BatchMode: 1, IsHumanControllingUs: 0, StartBugReporterOnCrash: 0, Is64bit: 1, IsPro: 0

COMMAND LINE ARGUMENTS:
C:\Program Files\Unity\Hub\Editor\2021.2.2f1\Editor\Unity.exe
-adb2
-batchMode
-noUpm
-name
AssetImportWorker2
-projectPath
D:/Interactive-Prototype-type-2/New Unity Project
-logFile
Logs/AssetImportWorker2.log
-srvPort
54438
Successfully changed project path to: D:/Interactive-Prototype-type-2/New Unity Project
D:/Interactive-Prototype-type-2/New Unity Project
[UnityMemory] Configuration Parameters - Can be set up in boot.config
    "memorysetup-bucket-allocator-granularity=16"
    "memorysetup-bucket-allocator-bucket-count=8"
    "memorysetup-bucket-allocator-block-size=33554432"
    "memorysetup-bucket-allocator-block-count=8"
    "memorysetup-main-allocator-block-size=16777216"
    "memorysetup-thread-allocator-block-size=16777216"
    "memorysetup-gfx-main-allocator-block-size=16777216"
    "memorysetup-gfx-thread-allocator-block-size=16777216"
    "memorysetup-cache-allocator-block-size=4194304"
    "memorysetup-typetree-allocator-block-size=2097152"
    "memorysetup-profiler-bucket-allocator-granularity=16"
    "memorysetup-profiler-bucket-allocator-bucket-count=8"
    "memorysetup-profiler-bucket-allocator-block-size=33554432"
    "memorysetup-profiler-bucket-allocator-block-count=8"
    "memorysetup-profiler-allocator-block-size=16777216"
    "memorysetup-profiler-editor-allocator-block-size=1048576"
    "memorysetup-temp-allocator-size-main=16777216"
    "memorysetup-job-temp-allocator-block-size=2097152"
    "memorysetup-job-temp-allocator-block-size-background=1048576"
    "memorysetup-job-temp-allocator-reduction-small-platforms=262144"
    "memorysetup-temp-allocator-size-background-worker=32768"
    "memorysetup-temp-allocator-size-job-worker=262144"
    "memorysetup-temp-allocator-size-preload-manager=33554432"
    "memorysetup-temp-allocator-size-nav-mesh-worker=65536"
    "memorysetup-temp-allocator-size-audio-worker=65536"
    "memorysetup-temp-allocator-size-cloud-worker=32768"
    "memorysetup-temp-allocator-size-gi-baking-worker=262144"
    "memorysetup-temp-allocator-size-gfx=262144"
Refreshing native plugins compatible for Editor in 93.02 ms, found 3 plugins.
Preloading 0 native plugins for Editor in 0.00 ms.
Initialize engine version: 2021.2.2f1 (5e2b1e92c7f8)
[Subsystems] Discovering subsystems at path C:/Program Files/Unity/Hub/Editor/2021.2.2f1/Editor/Data/Resources/UnitySubsystems
[Subsystems] Discovering subsystems at path D:/Interactive-Prototype-type-2/New Unity Project/Assets
GfxDevice: creating device client; threaded=0; jobified=0
Direct3D:
    Version:  Direct3D 11.0 [level 11.1]
    Renderer: NVIDIA GeForce RTX 3060 (ID=0x2504)
    Vendor:   NVIDIA
    VRAM:     12143 MB
    Driver:   30.0.14.9649
Initialize mono
Mono path[0] = 'C:/Program Files/Unity/Hub/Editor/2021.2.2f1/Editor/Data/Managed'
Mono path[1] = 'C:/Program Files/Unity/Hub/Editor/2021.2.2f1/Editor/Data/MonoBleedingEdge/lib/mono/unityjit-win32'
Mono config path = 'C:/Program Files/Unity/Hub/Editor/2021.2.2f1/Editor/Data/MonoBleedingEdge/etc'
Using monoOptions --debugger-agent=transport=dt_socket,embedding=1,server=y,suspend=n,address=127.0.0.1:56424
Begin MonoManager ReloadAssembly
Registering precompiled unity dll's ...
Register platform support module: C:/Program Files/Unity/Hub/Editor/2021.2.2f1/Editor/Data/PlaybackEngines/WebGLSupport/UnityEditor.WebGL.Extensions.dll
Register platform support module: C:/Program Files/Unity/Hub/Editor/2021.2.2f1/Editor/Data/PlaybackEngines/WindowsStandaloneSupport/UnityEditor.WindowsStandalone.Extensions.dll
Registered in 0.004920 seconds.
Native extension for WindowsStandalone target not found
Native extension for WebGL target not found
Refreshing native plugins compatible for Editor in 34.66 ms, found 3 plugins.
Preloading 0 native plugins for Editor in 0.00 ms.
Mono: successfully reloaded assembly
- Completed reload, in  0.460 seconds
Domain Reload Profiling:
	ReloadAssembly (461ms)
		BeginReloadAssembly (54ms)
			ExecutionOrderSort (0ms)
			DisableScriptedObjects (0ms)
			BackupInstance (0ms)
			ReleaseScriptingObjects (0ms)
			CreateAndSetChildDomain (1ms)
		EndReloadAssembly (345ms)
			LoadAssemblies (52ms)
			RebuildTransferFunctionScriptingTraits (0ms)
			SetupTypeCache (83ms)
			ReleaseScriptCaches (0ms)
			RebuildScriptCaches (22ms)
			SetupLoadedEditorAssemblies (199ms)
				LogAssemblyErrors (0ms)
				InitializePlatformSupportModulesInManaged (13ms)
				SetLoadedEditorAssemblies (0ms)
				RefreshPlugins (35ms)
				BeforeProcessingInitializeOnLoad (1ms)
				ProcessInitializeOnLoadAttributes (113ms)
				ProcessInitializeOnLoadMethodAttributes (38ms)
				AfterProcessingInitializeOnLoad (0ms)
				EditorAssembliesLoaded (0ms)
			ExecutionOrderSort2 (0ms)
			AwakeInstancesAfterBackupRestoration (0ms)
Platform modules already initialized, skipping
Registering precompiled user dll's ...
Registered in 0.004136 seconds.
Begin MonoManager ReloadAssembly
Native extension for WindowsStandalone target not found
Native extension for WebGL target not found
Refreshing native plugins compatible for Editor in 28.58 ms, found 3 plugins.
Preloading 0 native plugins for Editor in 0.00 ms.
Mono: successfully reloaded assembly
- Completed reload, in  1.252 seconds
Domain Reload Profiling:
	ReloadAssembly (1253ms)
		BeginReloadAssembly (110ms)
			ExecutionOrderSort (0ms)
			DisableScriptedObjects (4ms)
			BackupInstance (0ms)
			ReleaseScriptingObjects (0ms)
			CreateAndSetChildDomain (15ms)
		EndReloadAssembly (1036ms)
			LoadAssemblies (216ms)
			RebuildTransferFunctionScriptingTraits (0ms)
			SetupTypeCache (124ms)
			ReleaseScriptCaches (0ms)
			RebuildScriptCaches (35ms)
			SetupLoadedEditorAssemblies (502ms)
				LogAssemblyErrors (0ms)
				InitializePlatformSupportModulesInManaged (8ms)
				SetLoadedEditorAssemblies (0ms)
				RefreshPlugins (29ms)
				BeforeProcessingInitializeOnLoad (47ms)
				ProcessInitializeOnLoadAttributes (383ms)
				ProcessInitializeOnLoadMethodAttributes (30ms)
				AfterProcessingInitializeOnLoad (4ms)
				EditorAssembliesLoaded (0ms)
			ExecutionOrderSort2 (0ms)
			AwakeInstancesAfterBackupRestoration (4ms)
Platform modules already initialized, skipping
========================================================================
Worker process is ready to serve import requests
Launched and connected shader compiler UnityShaderCompiler.exe after 0.05 seconds
Refreshing native plugins compatible for Editor in 0.46 ms, found 3 plugins.
Preloading 0 native plugins for Editor in 0.00 ms.
Unloading 2520 Unused Serialized files (Serialized files now loaded: 0)
Unloading 47 unused Assets / (128.7 KB). Loaded Objects now: 2982.
Memory consumption went from 117.6 MB to 117.5 MB.
Total: 2.693400 ms (FindLiveObjects: 0.210000 ms CreateObjectMapping: 0.094000 ms MarkObjects: 2.313300 ms  DeleteObjects: 0.075400 ms)

AssetImportParameters requested are different than current active one (requested -> active):
  custom:video-decoder-ogg-theora: a1e56fd34408186e4bbccfd4996cb3dc -> 
  custom:container-muxer-webm: aa71ff27fc2769a1b78a27578f13a17b -> 
  custom:container-demuxer-webm: 4f35f7cbe854078d1ac9338744f61a02 -> 
  custom:video-encoder-webm-vp8: eb34c28f22e8b96e1ab97ce403110664 -> 
  custom:audio-encoder-webm-vorbis: bf7c407c2cedff20999df2af8eb42d56 -> 
  custom:framework-win-MediaFoundation: 216162199b28c13a410421893ffa2e32 -> 
  custom:container-demuxer-ogg: 62fdf1f143b41e24485cea50d1cbac27 -> 
  custom:video-decoder-webm-vp8: 9c59270c3fd7afecdb556c50c9e8de78 -> 
  custom:audio-decoder-ogg-vorbis: bf7c407c2cedff20999df2af8eb42d56 -> 
========================================================================
Received Import Request.
  Time since last request: 946044.622512 seconds.
  path: Assets/New Physics Material 2D.physicsMaterial2D
  artifactKey: Guid(85e125bb66e3c7f4b9b651510dea26f1) Importer(815301076,1909f56bfc062723c751e8b465ee728b)
Start importing Assets/New Physics Material 2D.physicsMaterial2D using Guid(85e125bb66e3c7f4b9b651510dea26f1) Importer(815301076,1909f56bfc062723c751e8b465ee728b)  -> (artifact id: '3fcbe35eb716d887e02ef2e71331fa62') in 0.073442 seconds 
========================================================================
Received Import Request.
  Time since last request: 12.608864 seconds.
  path: Assets/Levels
  artifactKey: Guid(c22f3d0664c0f1b459a375fcedd918c8) Importer(815301076,1909f56bfc062723c751e8b465ee728b)
Start importing Assets/Levels using Guid(c22f3d0664c0f1b459a375fcedd918c8) Importer(815301076,1909f56bfc062723c751e8b465ee728b)  -> (artifact id: '80dd99e8e7df22b2424a3ee112c32301') in 0.199213 seconds 
========================================================================
Received Import Request.
  Time since last request: 1.043598 seconds.
  path: Assets/Levels/Menu.unity
  artifactKey: Guid(f8f0130749c627448ae1ff90e41720a2) Importer(815301076,1909f56bfc062723c751e8b465ee728b)
Start importing Assets/Levels/Menu.unity using Guid(f8f0130749c627448ae1ff90e41720a2) Importer(815301076,1909f56bfc062723c751e8b465ee728b)  -> (artifact id: 'd2f2e3421c4b883e44707ff032728f99') in 0.058024 seconds 
========================================================================
Received Import Request.
  Time since last request: 181.924296 seconds.
  path: Assets/Levels/PoemPart2.unity
  artifactKey: Guid(2be2856c0c7153f47bc212538d0951d0) Importer(815301076,1909f56bfc062723c751e8b465ee728b)
Start importing Assets/Levels/PoemPart2.unity using Guid(2be2856c0c7153f47bc212538d0951d0) Importer(815301076,1909f56bfc062723c751e8b465ee728b)  -> (artifact id: 'edc8c3c5f601d92ee7ac8485aa62ea58') in 0.026201 seconds 
========================================================================
Received Import Request.
  Time since last request: 2.192687 seconds.
  path: Assets/Levels/LibarianLevel.unity
  artifactKey: Guid(80d81a7631f4e324290130dcb24b30ff) Importer(815301076,1909f56bfc062723c751e8b465ee728b)
Start importing Assets/Levels/LibarianLevel.unity using Guid(80d81a7631f4e324290130dcb24b30ff) Importer(815301076,1909f56bfc062723c751e8b465ee728b)  -> (artifact id: 'ef40e23d4be386dc72386f95723ee1ee') in 0.028873 seconds 
========================================================================
Received Import Request.
  Time since last request: 5.631213 seconds.
  path: Assets/Levels/Level1 1.unity
  artifactKey: Guid(33cee2590fb316243aa7ba223042d5e5) Importer(815301076,1909f56bfc062723c751e8b465ee728b)
Start importing Assets/Levels/Level1 1.unity using Guid(33cee2590fb316243aa7ba223042d5e5) Importer(815301076,1909f56bfc062723c751e8b465ee728b)  -> (artifact id: '331e4545ca5395627d2d7f87e1d5b4cc') in 0.034644 seconds 
========================================================================
Received Prepare
Registering precompiled user dll's ...
Registered in 0.009467 seconds.
Begin MonoManager ReloadAssembly
Native extension for WindowsStandalone target not found
Native extension for WebGL target not found
Refreshing native plugins compatible for Editor in 0.72 ms, found 3 plugins.
Preloading 0 native plugins for Editor in 0.00 ms.
Mono: successfully reloaded assembly
- Completed reload, in  1.798 seconds
Domain Reload Profiling:
	ReloadAssembly (1798ms)
		BeginReloadAssembly (168ms)
			ExecutionOrderSort (0ms)
			DisableScriptedObjects (6ms)
			BackupInstance (0ms)
			ReleaseScriptingObjects (0ms)
			CreateAndSetChildDomain (33ms)
		EndReloadAssembly (1501ms)
			LoadAssemblies (546ms)
			RebuildTransferFunctionScriptingTraits (0ms)
			SetupTypeCache (159ms)
			ReleaseScriptCaches (1ms)
			RebuildScriptCaches (38ms)
			SetupLoadedEditorAssemblies (445ms)
				LogAssemblyErrors (0ms)
				InitializePlatformSupportModulesInManaged (11ms)
				SetLoadedEditorAssemblies (1ms)
				RefreshPlugins (1ms)
				BeforeProcessingInitializeOnLoad (73ms)
				ProcessInitializeOnLoadAttributes (325ms)
				ProcessInitializeOnLoadMethodAttributes (28ms)
				AfterProcessingInitializeOnLoad (5ms)
				EditorAssembliesLoaded (0ms)
			ExecutionOrderSort2 (0ms)
			AwakeInstancesAfterBackupRestoration (6ms)
Platform modules already initialized, skipping
OnLevelWasLoaded was found on PlayerMovement
This message has been deprecated and will be removed in a later version of Unity.
Add a delegate to SceneManager.sceneLoaded instead to get notifications after scene loading has completed
Refreshing native plugins compatible for Editor in 0.83 ms, found 3 plugins.
Preloading 0 native plugins for Editor in 0.00 ms.
Unloading 2496 Unused Serialized files (Serialized files now loaded: 0)
Unloading 24 unused Assets / (95.3 KB). Loaded Objects now: 2997.
Memory consumption went from 115.9 MB to 115.8 MB.
Total: 3.348000 ms (FindLiveObjects: 0.246700 ms CreateObjectMapping: 0.145900 ms MarkObjects: 2.915400 ms  DeleteObjects: 0.039300 ms)

AssetImportParameters requested are different than current active one (requested -> active):
  custom:video-decoder-ogg-theora: a1e56fd34408186e4bbccfd4996cb3dc -> 
  custom:container-muxer-webm: aa71ff27fc2769a1b78a27578f13a17b -> 
  custom:container-demuxer-webm: 4f35f7cbe854078d1ac9338744f61a02 -> 
  custom:video-encoder-webm-vp8: eb34c28f22e8b96e1ab97ce403110664 -> 
  custom:audio-encoder-webm-vorbis: bf7c407c2cedff20999df2af8eb42d56 -> 
  custom:framework-win-MediaFoundation: 216162199b28c13a410421893ffa2e32 -> 
  custom:container-demuxer-ogg: 62fdf1f143b41e24485cea50d1cbac27 -> 
  custom:video-decoder-webm-vp8: 9c59270c3fd7afecdb556c50c9e8de78 -> 
  custom:audio-decoder-ogg-vorbis: bf7c407c2cedff20999df2af8eb42d56 -> 
========================================================================
Received Prepare
Registering precompiled user dll's ...
Registered in 0.004368 seconds.
Begin MonoManager ReloadAssembly
Native extension for WindowsStandalone target not found
Native extension for WebGL target not found
Refreshing native plugins compatible for Editor in 0.47 ms, found 3 plugins.
Preloading 0 native plugins for Editor in 0.00 ms.
Mono: successfully reloaded assembly
- Completed reload, in  1.355 seconds
Domain Reload Profiling:
	ReloadAssembly (1355ms)
		BeginReloadAssembly (175ms)
			ExecutionOrderSort (0ms)
			DisableScriptedObjects (6ms)
			BackupInstance (0ms)
			ReleaseScriptingObjects (0ms)
			CreateAndSetChildDomain (32ms)
		EndReloadAssembly (1054ms)
			LoadAssemblies (249ms)
			RebuildTransferFunctionScriptingTraits (0ms)
			SetupTypeCache (158ms)
			ReleaseScriptCaches (1ms)
			RebuildScriptCaches (42ms)
			SetupLoadedEditorAssemblies (380ms)
				LogAssemblyErrors (0ms)
				InitializePlatformSupportModulesInManaged (12ms)
				SetLoadedEditorAssemblies (0ms)
				RefreshPlugins (1ms)
				BeforeProcessingInitializeOnLoad (51ms)
				ProcessInitializeOnLoadAttributes (285ms)
				ProcessInitializeOnLoadMethodAttributes (25ms)
				AfterProcessingInitializeOnLoad (6ms)
				EditorAssembliesLoaded (0ms)
			ExecutionOrderSort2 (0ms)
			AwakeInstancesAfterBackupRestoration (6ms)
Platform modules already initialized, skipping
OnLevelWasLoaded was found on PlayerMovement
This message has been deprecated and will be removed in a later version of Unity.
Add a delegate to SceneManager.sceneLoaded instead to get notifications after scene loading has completed
Refreshing native plugins compatible for Editor in 1.82 ms, found 3 plugins.
Preloading 0 native plugins for Editor in 0.00 ms.
Unloading 2495 Unused Serialized files (Serialized files now loaded: 0)
Unloading 24 unused Assets / (95.3 KB). Loaded Objects now: 3011.
Memory consumption went from 115.9 MB to 115.8 MB.
Total: 2.818500 ms (FindLiveObjects: 0.194200 ms CreateObjectMapping: 0.070400 ms MarkObjects: 2.524900 ms  DeleteObjects: 0.028300 ms)

AssetImportParameters requested are different than current active one (requested -> active):
  custom:video-decoder-ogg-theora: a1e56fd34408186e4bbccfd4996cb3dc -> 
  custom:container-muxer-webm: aa71ff27fc2769a1b78a27578f13a17b -> 
  custom:container-demuxer-webm: 4f35f7cbe854078d1ac9338744f61a02 -> 
  custom:video-encoder-webm-vp8: eb34c28f22e8b96e1ab97ce403110664 -> 
  custom:audio-encoder-webm-vorbis: bf7c407c2cedff20999df2af8eb42d56 -> 
  custom:framework-win-MediaFoundation: 216162199b28c13a410421893ffa2e32 -> 
  custom:container-demuxer-ogg: 62fdf1f143b41e24485cea50d1cbac27 -> 
  custom:video-decoder-webm-vp8: 9c59270c3fd7afecdb556c50c9e8de78 -> 
  custom:audio-decoder-ogg-vorbis: bf7c407c2cedff20999df2af8eb42d56 -> 
========================================================================
Received Import Request.
  Time since last request: 357.323022 seconds.
  path: Assets/Animations/Climbani-1.psd
  artifactKey: Guid(92ce95064bfff53458911bc97e87ac4b) Importer(815301076,1909f56bfc062723c751e8b465ee728b)
Start importing Assets/Animations/Climbani-1.psd using Guid(92ce95064bfff53458911bc97e87ac4b) Importer(815301076,1909f56bfc062723c751e8b465ee728b)  -> (artifact id: '2565abe06cebcce24344756e89a6c4f7') in 0.188816 seconds 
========================================================================
Received Import Request.
  Time since last request: 0.000013 seconds.
  path: Assets/Animations/idle.png
  artifactKey: Guid(9100d5623a128cb429cf5759738042ad) Importer(815301076,1909f56bfc062723c751e8b465ee728b)
Start importing Assets/Animations/idle.png using Guid(9100d5623a128cb429cf5759738042ad) Importer(815301076,1909f56bfc062723c751e8b465ee728b)  -> (artifact id: '6842829376ddceed577974c04b4a69a7') in 0.137509 seconds 
========================================================================
Received Import Request.
  Time since last request: 0.000015 seconds.
  path: Assets/Animations/Jumpspritesheet.png
  artifactKey: Guid(03aa2793115c235429883fcc3b159f50) Importer(815301076,1909f56bfc062723c751e8b465ee728b)
Start importing Assets/Animations/Jumpspritesheet.png using Guid(03aa2793115c235429883fcc3b159f50) Importer(815301076,1909f56bfc062723c751e8b465ee728b)  -> (artifact id: 'f184b66434a0d2f5dec69016ec491f80') in 0.128426 seconds 
========================================================================
Received Import Request.
  Time since last request: 0.000022 seconds.
  path: Assets/Animations/Runspritesheet.png
  artifactKey: Guid(81e507b69d81ea04b95cb1f31d46ca55) Importer(815301076,1909f56bfc062723c751e8b465ee728b)
Start importing Assets/Animations/Runspritesheet.png using Guid(81e507b69d81ea04b95cb1f31d46ca55) Importer(815301076,1909f56bfc062723c751e8b465ee728b)  -> (artifact id: '06ad6ebb6bcf71d7dffe0387fc9ca045') in 0.097467 seconds 
========================================================================
Received Import Request.
  Time since last request: 4.260467 seconds.
  path: Assets/Untitleeer.png
  artifactKey: Guid(f3d62a84f6acba2449a12edbeb38d3fa) Importer(815301076,1909f56bfc062723c751e8b465ee728b)
Start importing Assets/Untitleeer.png using Guid(f3d62a84f6acba2449a12edbeb38d3fa) Importer(815301076,1909f56bfc062723c751e8b465ee728b)  -> (artifact id: '4afe5412932c81fa29e6a5d2c43ef5f3') in 0.182445 seconds 
========================================================================
Received Import Request.
  Time since last request: 1.718646 seconds.
  path: Assets/Triangle 1.png
  artifactKey: Guid(842eeb6602438c145b6b9c034ca10ccd) Importer(815301076,1909f56bfc062723c751e8b465ee728b)
Start importing Assets/Triangle 1.png using Guid(842eeb6602438c145b6b9c034ca10ccd) Importer(815301076,1909f56bfc062723c751e8b465ee728b)  -> (artifact id: '2269111011278a18eb26379ea45cd1c3') in 0.251880 seconds 
========================================================================
Received Import Request.
  Time since last request: 5.377832 seconds.
  path: Assets/Untitled-2.png
  artifactKey: Guid(00f5bc048105759448f7dfbaa3d4526b) Importer(815301076,1909f56bfc062723c751e8b465ee728b)
Start importing Assets/Untitled-2.png using Guid(00f5bc048105759448f7dfbaa3d4526b) Importer(815301076,1909f56bfc062723c751e8b465ee728b)  -> (artifact id: 'e5d7c339c6b31119bec5c2e7b6e07a55') in 0.198245 seconds 
========================================================================
Received Import Request.
  Time since last request: 7.604287 seconds.
  path: Assets/Illustration3 2.png
  artifactKey: Guid(3b740103413e3cf4e8915161baba4d5d) Importer(815301076,1909f56bfc062723c751e8b465ee728b)
Start importing Assets/Illustration3 2.png using Guid(3b740103413e3cf4e8915161baba4d5d) Importer(815301076,1909f56bfc062723c751e8b465ee728b)  -> (artifact id: '26acbcf3d9b504fdbaa8ce744a631df3') in 0.126417 seconds 
========================================================================
Received Import Request.
  Time since last request: 2.212961 seconds.
  path: Assets/Illustration3.png
  artifactKey: Guid(9d9b046ceb6afd34e8b444645f618018) Importer(815301076,1909f56bfc062723c751e8b465ee728b)
Start importing Assets/Illustration3.png using Guid(9d9b046ceb6afd34e8b444645f618018) Importer(815301076,1909f56bfc062723c751e8b465ee728b)  -> (artifact id: 'eaca529605767993776f9d26f3fa8758') in 0.124705 seconds 
========================================================================
Received Import Request.
  Time since last request: 2.293379 seconds.
  path: Assets/Illustration3 3.png
  artifactKey: Guid(2d95effb3db20b44dbe17485202c108b) Importer(815301076,1909f56bfc062723c751e8b465ee728b)
Start importing Assets/Illustration3 3.png using Guid(2d95effb3db20b44dbe17485202c108b) Importer(815301076,1909f56bfc062723c751e8b465ee728b)  -> (artifact id: 'e6b4a953ccf81a68e623f34d8683c68f') in 0.224427 seconds 
========================================================================
Received Import Request.
  Time since last request: 8.459501 seconds.
  path: Assets/VideoOutput 1.renderTexture
  artifactKey: Guid(1f268600706e9074c9a0ec90a4935733) Importer(815301076,1909f56bfc062723c751e8b465ee728b)
Start importing Assets/VideoOutput 1.renderTexture using Guid(1f268600706e9074c9a0ec90a4935733) Importer(815301076,1909f56bfc062723c751e8b465ee728b)  -> (artifact id: '1a8e581f3c250e583ceb2464439ee6df') in 0.059173 seconds 
========================================================================
Received Import Request.
  Time since last request: 5.620291 seconds.
  path: Assets/Illustration3 1.png
  artifactKey: Guid(6f6f4155364103541802907011835449) Importer(815301076,1909f56bfc062723c751e8b465ee728b)
Start importing Assets/Illustration3 1.png using Guid(6f6f4155364103541802907011835449) Importer(815301076,1909f56bfc062723c751e8b465ee728b)  -> (artifact id: '5235591ab0b2f6217003e840f781f4e5') in 0.110856 seconds 
========================================================================
Received Prepare
Registering precompiled user dll's ...
Registered in 0.003509 seconds.
Begin MonoManager ReloadAssembly
Native extension for WindowsStandalone target not found
Native extension for WebGL target not found
Refreshing native plugins compatible for Editor in 0.52 ms, found 3 plugins.
Preloading 0 native plugins for Editor in 0.00 ms.
Mono: successfully reloaded assembly
- Completed reload, in  1.332 seconds
Domain Reload Profiling:
	ReloadAssembly (1333ms)
		BeginReloadAssembly (151ms)
			ExecutionOrderSort (0ms)
			DisableScriptedObjects (5ms)
			BackupInstance (0ms)
			ReleaseScriptingObjects (0ms)
			CreateAndSetChildDomain (31ms)
		EndReloadAssembly (1078ms)
			LoadAssemblies (280ms)
			RebuildTransferFunctionScriptingTraits (0ms)
			SetupTypeCache (140ms)
			ReleaseScriptCaches (1ms)
			RebuildScriptCaches (35ms)
			SetupLoadedEditorAssemblies (363ms)
				LogAssemblyErrors (0ms)
				InitializePlatformSupportModulesInManaged (10ms)
				SetLoadedEditorAssemblies (0ms)
				RefreshPlugins (1ms)
				BeforeProcessingInitializeOnLoad (48ms)
				ProcessInitializeOnLoadAttributes (273ms)
				ProcessInitializeOnLoadMethodAttributes (26ms)
				AfterProcessingInitializeOnLoad (5ms)
				EditorAssembliesLoaded (0ms)
			ExecutionOrderSort2 (0ms)
			AwakeInstancesAfterBackupRestoration (11ms)
Platform modules already initialized, skipping
OnLevelWasLoaded was found on PlayerMovement
This message has been deprecated and will be removed in a later version of Unity.
Add a delegate to SceneManager.sceneLoaded instead to get notifications after scene loading has completed
Refreshing native plugins compatible for Editor in 0.47 ms, found 3 plugins.
Preloading 0 native plugins for Editor in 0.00 ms.
Unloading 2507 Unused Serialized files (Serialized files now loaded: 0)
Unloading 24 unused Assets / (95.9 KB). Loaded Objects now: 3232.
Memory consumption went from 171.9 MB to 171.8 MB.
Total: 2.440900 ms (FindLiveObjects: 0.181400 ms CreateObjectMapping: 0.055600 ms MarkObjects: 2.177100 ms  DeleteObjects: 0.026000 ms)

AssetImportParameters requested are different than current active one (requested -> active):
  custom:video-decoder-ogg-theora: a1e56fd34408186e4bbccfd4996cb3dc -> 
  custom:container-muxer-webm: aa71ff27fc2769a1b78a27578f13a17b -> 
  custom:container-demuxer-webm: 4f35f7cbe854078d1ac9338744f61a02 -> 
  custom:video-encoder-webm-vp8: eb34c28f22e8b96e1ab97ce403110664 -> 
  custom:audio-encoder-webm-vorbis: bf7c407c2cedff20999df2af8eb42d56 -> 
  custom:framework-win-MediaFoundation: 216162199b28c13a410421893ffa2e32 -> 
  custom:container-demuxer-ogg: 62fdf1f143b41e24485cea50d1cbac27 -> 
  custom:video-decoder-webm-vp8: 9c59270c3fd7afecdb556c50c9e8de78 -> 
  custom:audio-decoder-ogg-vorbis: bf7c407c2cedff20999df2af8eb42d56 -> 
