Using pre-set license
Built from '2020.3/staging' branch; Version is '2020.3.20f1 (41c4e627c95f) revision 4310246'; Using compiler version '192528614'; Build Type 'Release'
OS: 'Windows 10 Pro; OS build 19041.1415; Version 2004; 64bit' Language: 'en' Physical Memory: 3979 MB
BatchMode: 1, IsHumanControllingUs: 0, StartBugReporterOnCrash: 0, Is64bit: 1, IsPro: 0

COMMAND LINE ARGUMENTS:
C:\Program Files\Unity\Hub\Editor\2020.3.20f1\Editor\Unity.exe
-adb2
-batchMode
-noUpm
-name
AssetImportWorker5
-projectPath
D:/Interactive-Prototype-type-2/New Unity Project
-logFile
Logs/AssetImportWorker5.log
-srvPort
54823
Successfully changed project path to: D:/Interactive-Prototype-type-2/New Unity Project
D:/Interactive-Prototype-type-2/New Unity Project
Using Asset Import Pipeline V2.
Refreshing native plugins compatible for Editor in 336.54 ms, found 3 plugins.
Preloading 0 native plugins for Editor in 0.00 ms.
Initialize engine version: 2020.3.20f1 (41c4e627c95f)
[Subsystems] Discovering subsystems at path C:/Program Files/Unity/Hub/Editor/2020.3.20f1/Editor/Data/Resources/UnitySubsystems
[Subsystems] Discovering subsystems at path D:/Interactive-Prototype-type-2/New Unity Project/Assets
GfxDevice: creating device client; threaded=0
Direct3D:
    Version:  Direct3D 11.0 [level 11.0]
    Renderer: Intel(R) HD Graphics (ID=0xf31)
    Vendor:   
    VRAM:     128 MB
    Driver:   10.18.10.4425
Initialize mono
Mono path[0] = 'C:/Program Files/Unity/Hub/Editor/2020.3.20f1/Editor/Data/Managed'
Mono path[1] = 'C:/Program Files/Unity/Hub/Editor/2020.3.20f1/Editor/Data/MonoBleedingEdge/lib/mono/unityjit'
Mono config path = 'C:/Program Files/Unity/Hub/Editor/2020.3.20f1/Editor/Data/MonoBleedingEdge/etc'
Using monoOptions --debugger-agent=transport=dt_socket,embedding=1,server=y,suspend=n,address=127.0.0.1:56160
Begin MonoManager ReloadAssembly
Registering precompiled unity dll's ...
Register platform support module: C:/Program Files/Unity/Hub/Editor/2020.3.20f1/Editor/Data/PlaybackEngines/WebGLSupport/UnityEditor.WebGL.Extensions.dll
Register platform support module: C:/Program Files/Unity/Hub/Editor/2020.3.20f1/Editor/Data/PlaybackEngines/WindowsStandaloneSupport/UnityEditor.WindowsStandalone.Extensions.dll
Registered in 0.013499 seconds.
Native extension for WindowsStandalone target not found
Native extension for WebGL target not found
Refreshing native plugins compatible for Editor in 238.60 ms, found 3 plugins.
Preloading 0 native plugins for Editor in 0.00 ms.
Mono: successfully reloaded assembly
- Completed reload, in  6.811 seconds
Domain Reload Profiling:
	ReloadAssembly (6812ms)
		BeginReloadAssembly (294ms)
			ExecutionOrderSort (0ms)
			DisableScriptedObjects (0ms)
			BackupInstance (0ms)
			ReleaseScriptingObjects (0ms)
			CreateAndSetChildDomain (4ms)
		EndReloadAssembly (2365ms)
			LoadAssemblies (284ms)
			RebuildTransferFunctionScriptingTraits (0ms)
			SetupTypeCache (874ms)
			ReleaseScriptCaches (0ms)
			RebuildScriptCaches (162ms)
			SetupLoadedEditorAssemblies (908ms)
				LogAssemblyErrors (0ms)
				InitializePlatformSupportModulesInManaged (23ms)
				SetLoadedEditorAssemblies (1ms)
				RefreshPlugins (239ms)
				BeforeProcessingInitializeOnLoad (42ms)
				ProcessInitializeOnLoadAttributes (426ms)
				ProcessInitializeOnLoadMethodAttributes (176ms)
				AfterProcessingInitializeOnLoad (0ms)
				EditorAssembliesLoaded (1ms)
			ExecutionOrderSort2 (0ms)
			AwakeInstancesAfterBackupRestoration (0ms)
Platform modules already initialized, skipping
Registering precompiled user dll's ...
Registered in 0.022561 seconds.
Begin MonoManager ReloadAssembly
OnLevelWasLoaded was found on PlayerMovement
This message has been deprecated and will be removed in a later version of Unity.
Add a delegate to SceneManager.sceneLoaded instead to get notifications after scene loading has completed
Native extension for WindowsStandalone target not found
Native extension for WebGL target not found
Refreshing native plugins compatible for Editor in 322.09 ms, found 3 plugins.
Preloading 0 native plugins for Editor in 0.00 ms.
Mono: successfully reloaded assembly
- Completed reload, in  6.558 seconds
Domain Reload Profiling:
	ReloadAssembly (6561ms)
		BeginReloadAssembly (846ms)
			ExecutionOrderSort (0ms)
			DisableScriptedObjects (26ms)
			BackupInstance (0ms)
			ReleaseScriptingObjects (0ms)
			CreateAndSetChildDomain (69ms)
		EndReloadAssembly (5322ms)
			LoadAssemblies (492ms)
			RebuildTransferFunctionScriptingTraits (0ms)
			SetupTypeCache (1761ms)
			ReleaseScriptCaches (1ms)
			RebuildScriptCaches (343ms)
			SetupLoadedEditorAssemblies (1840ms)
				LogAssemblyErrors (0ms)
				InitializePlatformSupportModulesInManaged (23ms)
				SetLoadedEditorAssemblies (1ms)
				RefreshPlugins (322ms)
				BeforeProcessingInitializeOnLoad (328ms)
				ProcessInitializeOnLoadAttributes (1022ms)
				ProcessInitializeOnLoadMethodAttributes (92ms)
				AfterProcessingInitializeOnLoad (51ms)
				EditorAssembliesLoaded (1ms)
			ExecutionOrderSort2 (0ms)
			AwakeInstancesAfterBackupRestoration (41ms)
Platform modules already initialized, skipping
========================================================================
Worker process is ready to serve import requests
Launched and connected shader compiler UnityShaderCompiler.exe after 0.33 seconds
Refreshing native plugins compatible for Editor in 1.81 ms, found 3 plugins.
Preloading 0 native plugins for Editor in 0.00 ms.
Unloading 2244 Unused Serialized files (Serialized files now loaded: 0)
System memory in use before: 99.2 MB.
System memory in use after: 99.3 MB.

Unloading 28 unused Assets to reduce memory usage. Loaded Objects now: 2678.
Total: 13.546300 ms (FindLiveObjects: 1.038200 ms CreateObjectMapping: 0.539800 ms MarkObjects: 11.693500 ms  DeleteObjects: 0.270200 ms)

AssetImportParameters requested are different than current active one (requested -> active):
  custom:framework-win-MediaFoundation: 216162199b28c13a410421893ffa2e32 -> 
  custom:video-decoder-ogg-theora: a1e56fd34408186e4bbccfd4996cb3dc -> 
  custom:container-muxer-webm: aa71ff27fc2769a1b78a27578f13a17b -> 
  custom:container-demuxer-webm: 4f35f7cbe854078d1ac9338744f61a02 -> 
  custom:container-demuxer-ogg: 62fdf1f143b41e24485cea50d1cbac27 -> 
  custom:video-encoder-webm-vp8: eb34c28f22e8b96e1ab97ce403110664 -> 
  custom:video-decoder-webm-vp8: 9c59270c3fd7afecdb556c50c9e8de78 -> 
  custom:audio-decoder-ogg-vorbis: bf7c407c2cedff20999df2af8eb42d56 -> 
  custom:audio-encoder-webm-vorbis: bf7c407c2cedff20999df2af8eb42d56 -> 
========================================================================
Received Import Request.
  path: Assets/Levels/Level2.unity
  artifactKey: Guid(cc39cbffec7512a4e8068819c0ea2668) Importer(815301076,1909f56bfc062723c751e8b465ee728b)
Start importing Assets/Levels/Level2.unity using Guid(cc39cbffec7512a4e8068819c0ea2668) Importer(815301076,1909f56bfc062723c751e8b465ee728b)  -> (artifact id: '4f49eb8e4670089fd75433185f927f23') in 0.104653 seconds 
  Import took 0.118769 seconds .

========================================================================
Received Import Request.
  Time since last request: 0.000680 seconds.
  path: Assets/Levels/TempPoemSceneForLibrarianLevel.unity
  artifactKey: Guid(aea6da15b71c7524285596c4667659df) Importer(815301076,1909f56bfc062723c751e8b465ee728b)
Start importing Assets/Levels/TempPoemSceneForLibrarianLevel.unity using Guid(aea6da15b71c7524285596c4667659df) Importer(815301076,1909f56bfc062723c751e8b465ee728b)  -> (artifact id: '717b91b910a4b173e852111a39f69eab') in 0.065992 seconds 
  Import took 0.079958 seconds .

========================================================================
Received Import Request.
  Time since last request: 305.320320 seconds.
  path: Assets/Levels/PoemPart1.unity
  artifactKey: Guid(9de620a491455ef48b132938da7b12e2) Importer(815301076,1909f56bfc062723c751e8b465ee728b)
Start importing Assets/Levels/PoemPart1.unity using Guid(9de620a491455ef48b132938da7b12e2) Importer(815301076,1909f56bfc062723c751e8b465ee728b)  -> (artifact id: '4338a52ad49be168f5349989747c6a20') in 0.144277 seconds 
  Import took 0.167591 seconds .

========================================================================
Received Import Request.
  Time since last request: 25.963794 seconds.
  path: Assets/Levels/Tutorial Lvl.unity
  artifactKey: Guid(92132fa580607334694f8ba3466de633) Importer(815301076,1909f56bfc062723c751e8b465ee728b)
Start importing Assets/Levels/Tutorial Lvl.unity using Guid(92132fa580607334694f8ba3466de633) Importer(815301076,1909f56bfc062723c751e8b465ee728b)  -> (artifact id: 'aeeeef5fa4ddff718a0ef1df5221936f') in 0.066179 seconds 
  Import took 0.086743 seconds .

========================================================================
Received Import Request.
  Time since last request: 300.129728 seconds.
  path: Assets/Levels/Level1 1.unity
  artifactKey: Guid(33cee2590fb316243aa7ba223042d5e5) Importer(815301076,1909f56bfc062723c751e8b465ee728b)
Start importing Assets/Levels/Level1 1.unity using Guid(33cee2590fb316243aa7ba223042d5e5) Importer(815301076,1909f56bfc062723c751e8b465ee728b)  -> (artifact id: '7208b7cd403af3156c67c965058e90ff') in 0.072324 seconds 
  Import took 0.084559 seconds .

========================================================================
Received Import Request.
  Time since last request: 32.871903 seconds.
  path: Assets/Levels/PoemPart3.unity
  artifactKey: Guid(766f1bcb1c6b838478acbb106f365216) Importer(815301076,1909f56bfc062723c751e8b465ee728b)
Start importing Assets/Levels/PoemPart3.unity using Guid(766f1bcb1c6b838478acbb106f365216) Importer(815301076,1909f56bfc062723c751e8b465ee728b)  -> (artifact id: 'f6253b1f3670dcf9d3585bdf74c9c330') in 0.075968 seconds 
  Import took 0.087934 seconds .

========================================================================
Received Import Request.
  Time since last request: 265.782196 seconds.
  path: Assets/Levels/PoemPart4.unity
  artifactKey: Guid(9f5634fb60049334bb3610038e91e2da) Importer(815301076,1909f56bfc062723c751e8b465ee728b)
Start importing Assets/Levels/PoemPart4.unity using Guid(9f5634fb60049334bb3610038e91e2da) Importer(815301076,1909f56bfc062723c751e8b465ee728b)  -> (artifact id: '22821f4385f8b921ab05d4296e0d52d5') in 0.050291 seconds 
  Import took 0.062520 seconds .

========================================================================
Received Import Request.
  Time since last request: 60.318146 seconds.
  path: Assets/Levels/Level2.unity
  artifactKey: Guid(cc39cbffec7512a4e8068819c0ea2668) Importer(815301076,1909f56bfc062723c751e8b465ee728b)
Start importing Assets/Levels/Level2.unity using Guid(cc39cbffec7512a4e8068819c0ea2668) Importer(815301076,1909f56bfc062723c751e8b465ee728b)  -> (artifact id: 'ab0bbec5a85812e7d0355c4733062e34') in 0.063149 seconds 
  Import took 0.074913 seconds .

========================================================================
Received Import Request.
  Time since last request: 217.482348 seconds.
  path: Assets/Levels/PoemPart2.unity
  artifactKey: Guid(2be2856c0c7153f47bc212538d0951d0) Importer(815301076,1909f56bfc062723c751e8b465ee728b)
Start importing Assets/Levels/PoemPart2.unity using Guid(2be2856c0c7153f47bc212538d0951d0) Importer(815301076,1909f56bfc062723c751e8b465ee728b)  -> (artifact id: '3e412863be969b2824bfb4070eb992a9') in 0.062296 seconds 
  Import took 0.074062 seconds .

========================================================================
Received Import Request.
  Time since last request: 37.853710 seconds.
  path: Assets/Levels/Tutorial Lvl.unity
  artifactKey: Guid(92132fa580607334694f8ba3466de633) Importer(815301076,1909f56bfc062723c751e8b465ee728b)
Start importing Assets/Levels/Tutorial Lvl.unity using Guid(92132fa580607334694f8ba3466de633) Importer(815301076,1909f56bfc062723c751e8b465ee728b)  -> (artifact id: 'acbbaabfd898ea2ffea5af374fe37723') in 0.055450 seconds 
  Import took 0.067561 seconds .

========================================================================
Received Prepare
Registering precompiled user dll's ...
Registered in 0.453139 seconds.
Begin MonoManager ReloadAssembly
Native extension for WindowsStandalone target not found
Native extension for WebGL target not found
Refreshing native plugins compatible for Editor in 2.74 ms, found 3 plugins.
Preloading 0 native plugins for Editor in 0.00 ms.
Mono: successfully reloaded assembly
- Completed reload, in  7.479 seconds
Domain Reload Profiling:
	ReloadAssembly (7482ms)
		BeginReloadAssembly (698ms)
			ExecutionOrderSort (0ms)
			DisableScriptedObjects (48ms)
			BackupInstance (0ms)
			ReleaseScriptingObjects (1ms)
			CreateAndSetChildDomain (192ms)
		EndReloadAssembly (6347ms)
			LoadAssemblies (661ms)
			RebuildTransferFunctionScriptingTraits (0ms)
			SetupTypeCache (2365ms)
			ReleaseScriptCaches (4ms)
			RebuildScriptCaches (348ms)
			SetupLoadedEditorAssemblies (2183ms)
				LogAssemblyErrors (0ms)
				InitializePlatformSupportModulesInManaged (39ms)
				SetLoadedEditorAssemblies (5ms)
				RefreshPlugins (3ms)
				BeforeProcessingInitializeOnLoad (451ms)
				ProcessInitializeOnLoadAttributes (1551ms)
				ProcessInitializeOnLoadMethodAttributes (80ms)
				AfterProcessingInitializeOnLoad (54ms)
				EditorAssembliesLoaded (1ms)
			ExecutionOrderSort2 (0ms)
			AwakeInstancesAfterBackupRestoration (134ms)
Platform modules already initialized, skipping
OnLevelWasLoaded was found on PlayerMovement
This message has been deprecated and will be removed in a later version of Unity.
Add a delegate to SceneManager.sceneLoaded instead to get notifications after scene loading has completed
Refreshing native plugins compatible for Editor in 8.10 ms, found 3 plugins.
Preloading 0 native plugins for Editor in 0.00 ms.
Unloading 2220 Unused Serialized files (Serialized files now loaded: 0)
System memory in use before: 97.3 MB.
System memory in use after: 97.4 MB.

Unloading 17 unused Assets to reduce memory usage. Loaded Objects now: 2680.
Total: 16.762500 ms (FindLiveObjects: 1.574100 ms CreateObjectMapping: 0.424500 ms MarkObjects: 14.378300 ms  DeleteObjects: 0.378900 ms)

AssetImportParameters requested are different than current active one (requested -> active):
  custom:framework-win-MediaFoundation: 216162199b28c13a410421893ffa2e32 -> 
  custom:video-decoder-ogg-theora: a1e56fd34408186e4bbccfd4996cb3dc -> 
  custom:container-muxer-webm: aa71ff27fc2769a1b78a27578f13a17b -> 
  custom:container-demuxer-webm: 4f35f7cbe854078d1ac9338744f61a02 -> 
  custom:container-demuxer-ogg: 62fdf1f143b41e24485cea50d1cbac27 -> 
  custom:video-encoder-webm-vp8: eb34c28f22e8b96e1ab97ce403110664 -> 
  custom:video-decoder-webm-vp8: 9c59270c3fd7afecdb556c50c9e8de78 -> 
  custom:audio-decoder-ogg-vorbis: bf7c407c2cedff20999df2af8eb42d56 -> 
  custom:audio-encoder-webm-vorbis: bf7c407c2cedff20999df2af8eb42d56 -> 
========================================================================
Received Import Request.
  Time since last request: 296.907355 seconds.
  path: Assets/Levels/TempPoemSceneForLibrarianLevel.unity
  artifactKey: Guid(aea6da15b71c7524285596c4667659df) Importer(815301076,1909f56bfc062723c751e8b465ee728b)
Start importing Assets/Levels/TempPoemSceneForLibrarianLevel.unity using Guid(aea6da15b71c7524285596c4667659df) Importer(815301076,1909f56bfc062723c751e8b465ee728b)  -> (artifact id: '0b725c83dc09586472f71db30555491f') in 0.175722 seconds 
  Import took 0.203187 seconds .

========================================================================
Received Prepare
Registering precompiled user dll's ...
Registered in 0.033562 seconds.
Begin MonoManager ReloadAssembly
Native extension for WindowsStandalone target not found
Native extension for WebGL target not found
Refreshing native plugins compatible for Editor in 1.76 ms, found 3 plugins.
Preloading 0 native plugins for Editor in 0.00 ms.
Mono: successfully reloaded assembly
- Completed reload, in  5.031 seconds
Domain Reload Profiling:
	ReloadAssembly (5032ms)
		BeginReloadAssembly (461ms)
			ExecutionOrderSort (0ms)
			DisableScriptedObjects (29ms)
			BackupInstance (0ms)
			ReleaseScriptingObjects (0ms)
			CreateAndSetChildDomain (118ms)
		EndReloadAssembly (4237ms)
			LoadAssemblies (461ms)
			RebuildTransferFunctionScriptingTraits (0ms)
			SetupTypeCache (1609ms)
			ReleaseScriptCaches (3ms)
			RebuildScriptCaches (223ms)
			SetupLoadedEditorAssemblies (1328ms)
				LogAssemblyErrors (0ms)
				InitializePlatformSupportModulesInManaged (26ms)
				SetLoadedEditorAssemblies (2ms)
				RefreshPlugins (2ms)
				BeforeProcessingInitializeOnLoad (279ms)
				ProcessInitializeOnLoadAttributes (937ms)
				ProcessInitializeOnLoadMethodAttributes (46ms)
				AfterProcessingInitializeOnLoad (35ms)
				EditorAssembliesLoaded (1ms)
			ExecutionOrderSort2 (0ms)
			AwakeInstancesAfterBackupRestoration (70ms)
Platform modules already initialized, skipping
OnLevelWasLoaded was found on PlayerMovement
This message has been deprecated and will be removed in a later version of Unity.
Add a delegate to SceneManager.sceneLoaded instead to get notifications after scene loading has completed
Refreshing native plugins compatible for Editor in 1.94 ms, found 3 plugins.
Preloading 0 native plugins for Editor in 0.00 ms.
Unloading 2220 Unused Serialized files (Serialized files now loaded: 0)
System memory in use before: 97.4 MB.
System memory in use after: 97.5 MB.

Unloading 17 unused Assets to reduce memory usage. Loaded Objects now: 2682.
Total: 12.845500 ms (FindLiveObjects: 1.162500 ms CreateObjectMapping: 0.542100 ms MarkObjects: 10.868500 ms  DeleteObjects: 0.266600 ms)

AssetImportParameters requested are different than current active one (requested -> active):
  custom:framework-win-MediaFoundation: 216162199b28c13a410421893ffa2e32 -> 
  custom:video-decoder-ogg-theora: a1e56fd34408186e4bbccfd4996cb3dc -> 
  custom:container-muxer-webm: aa71ff27fc2769a1b78a27578f13a17b -> 
  custom:container-demuxer-webm: 4f35f7cbe854078d1ac9338744f61a02 -> 
  custom:container-demuxer-ogg: 62fdf1f143b41e24485cea50d1cbac27 -> 
  custom:video-encoder-webm-vp8: eb34c28f22e8b96e1ab97ce403110664 -> 
  custom:video-decoder-webm-vp8: 9c59270c3fd7afecdb556c50c9e8de78 -> 
  custom:audio-decoder-ogg-vorbis: bf7c407c2cedff20999df2af8eb42d56 -> 
  custom:audio-encoder-webm-vorbis: bf7c407c2cedff20999df2af8eb42d56 -> 
========================================================================
Received Import Request.
  Time since last request: 217.546432 seconds.
  path: Assets/Levels/PoemPart4.unity
  artifactKey: Guid(9f5634fb60049334bb3610038e91e2da) Importer(815301076,1909f56bfc062723c751e8b465ee728b)
Start importing Assets/Levels/PoemPart4.unity using Guid(9f5634fb60049334bb3610038e91e2da) Importer(815301076,1909f56bfc062723c751e8b465ee728b)  -> (artifact id: '47bde133e21dc7e41a3fe98cff3e48f7') in 0.147800 seconds 
  Import took 0.168241 seconds .

========================================================================
Received Import Request.
  Time since last request: 26.249354 seconds.
  path: Assets/Levels/Level3.unity
  artifactKey: Guid(33a397adc6bd98e449cc2f47aa996404) Importer(815301076,1909f56bfc062723c751e8b465ee728b)
Start importing Assets/Levels/Level3.unity using Guid(33a397adc6bd98e449cc2f47aa996404) Importer(815301076,1909f56bfc062723c751e8b465ee728b)  -> (artifact id: 'e948f2b055b024c4432eac40adf55d10') in 0.073191 seconds 
  Import took 0.090086 seconds .

========================================================================
Received Import Request.
  Time since last request: 48.162204 seconds.
  path: Assets/Levels/LibarianLevel.unity
  artifactKey: Guid(80d81a7631f4e324290130dcb24b30ff) Importer(815301076,1909f56bfc062723c751e8b465ee728b)
Start importing Assets/Levels/LibarianLevel.unity using Guid(80d81a7631f4e324290130dcb24b30ff) Importer(815301076,1909f56bfc062723c751e8b465ee728b)  -> (artifact id: 'f6468c49127abad0cbb08ae52ef53bfd') in 0.076948 seconds 
  Import took 0.095357 seconds .

========================================================================
Received Import Request.
  Time since last request: 243.691311 seconds.
  path: Assets/Levels/LibarianLevel.unity
  artifactKey: Guid(80d81a7631f4e324290130dcb24b30ff) Importer(815301076,1909f56bfc062723c751e8b465ee728b)
Start importing Assets/Levels/LibarianLevel.unity using Guid(80d81a7631f4e324290130dcb24b30ff) Importer(815301076,1909f56bfc062723c751e8b465ee728b)  -> (artifact id: 'd7ce633511258bd9029d2d30f2a3ba12') in 0.064258 seconds 
  Import took 0.083061 seconds .

========================================================================
Received Prepare
Registering precompiled user dll's ...
Registered in 0.599566 seconds.
Begin MonoManager ReloadAssembly
Native extension for WindowsStandalone target not found
Native extension for WebGL target not found
Refreshing native plugins compatible for Editor in 1.77 ms, found 3 plugins.
Preloading 0 native plugins for Editor in 0.00 ms.
Mono: successfully reloaded assembly
- Completed reload, in  5.347 seconds
Domain Reload Profiling:
	ReloadAssembly (5348ms)
		BeginReloadAssembly (475ms)
			ExecutionOrderSort (0ms)
			DisableScriptedObjects (34ms)
			BackupInstance (0ms)
			ReleaseScriptingObjects (1ms)
			CreateAndSetChildDomain (142ms)
		EndReloadAssembly (4541ms)
			LoadAssemblies (477ms)
			RebuildTransferFunctionScriptingTraits (0ms)
			SetupTypeCache (1685ms)
			ReleaseScriptCaches (3ms)
			RebuildScriptCaches (225ms)
			SetupLoadedEditorAssemblies (1599ms)
				LogAssemblyErrors (0ms)
				InitializePlatformSupportModulesInManaged (26ms)
				SetLoadedEditorAssemblies (2ms)
				RefreshPlugins (2ms)
				BeforeProcessingInitializeOnLoad (281ms)
				ProcessInitializeOnLoadAttributes (1192ms)
				ProcessInitializeOnLoadMethodAttributes (54ms)
				AfterProcessingInitializeOnLoad (39ms)
				EditorAssembliesLoaded (1ms)
			ExecutionOrderSort2 (0ms)
			AwakeInstancesAfterBackupRestoration (57ms)
Platform modules already initialized, skipping
OnLevelWasLoaded was found on PlayerMovement
This message has been deprecated and will be removed in a later version of Unity.
Add a delegate to SceneManager.sceneLoaded instead to get notifications after scene loading has completed
Refreshing native plugins compatible for Editor in 2.30 ms, found 3 plugins.
Preloading 0 native plugins for Editor in 0.00 ms.
Unloading 2220 Unused Serialized files (Serialized files now loaded: 0)
System memory in use before: 97.4 MB.
System memory in use after: 97.5 MB.

Unloading 17 unused Assets to reduce memory usage. Loaded Objects now: 2684.
Total: 11.915000 ms (FindLiveObjects: 0.915500 ms CreateObjectMapping: 0.335400 ms MarkObjects: 10.396500 ms  DeleteObjects: 0.263000 ms)

AssetImportParameters requested are different than current active one (requested -> active):
  custom:framework-win-MediaFoundation: 216162199b28c13a410421893ffa2e32 -> 
  custom:video-decoder-ogg-theora: a1e56fd34408186e4bbccfd4996cb3dc -> 
  custom:container-muxer-webm: aa71ff27fc2769a1b78a27578f13a17b -> 
  custom:container-demuxer-webm: 4f35f7cbe854078d1ac9338744f61a02 -> 
  custom:container-demuxer-ogg: 62fdf1f143b41e24485cea50d1cbac27 -> 
  custom:video-encoder-webm-vp8: eb34c28f22e8b96e1ab97ce403110664 -> 
  custom:video-decoder-webm-vp8: 9c59270c3fd7afecdb556c50c9e8de78 -> 
  custom:audio-decoder-ogg-vorbis: bf7c407c2cedff20999df2af8eb42d56 -> 
  custom:audio-encoder-webm-vorbis: bf7c407c2cedff20999df2af8eb42d56 -> 
========================================================================
Received Prepare
Registering precompiled user dll's ...
Registered in 0.023126 seconds.
Begin MonoManager ReloadAssembly
Native extension for WindowsStandalone target not found
Native extension for WebGL target not found
Refreshing native plugins compatible for Editor in 1.76 ms, found 3 plugins.
Preloading 0 native plugins for Editor in 0.00 ms.
Mono: successfully reloaded assembly
- Completed reload, in  5.202 seconds
Domain Reload Profiling:
	ReloadAssembly (5204ms)
		BeginReloadAssembly (535ms)
			ExecutionOrderSort (0ms)
			DisableScriptedObjects (34ms)
			BackupInstance (0ms)
			ReleaseScriptingObjects (0ms)
			CreateAndSetChildDomain (139ms)
		EndReloadAssembly (4272ms)
			LoadAssemblies (567ms)
			RebuildTransferFunctionScriptingTraits (0ms)
			SetupTypeCache (1647ms)
			ReleaseScriptCaches (3ms)
			RebuildScriptCaches (218ms)
			SetupLoadedEditorAssemblies (1337ms)
				LogAssemblyErrors (0ms)
				InitializePlatformSupportModulesInManaged (26ms)
				SetLoadedEditorAssemblies (2ms)
				RefreshPlugins (2ms)
				BeforeProcessingInitializeOnLoad (287ms)
				ProcessInitializeOnLoadAttributes (939ms)
				ProcessInitializeOnLoadMethodAttributes (47ms)
				AfterProcessingInitializeOnLoad (32ms)
				EditorAssembliesLoaded (1ms)
			ExecutionOrderSort2 (0ms)
			AwakeInstancesAfterBackupRestoration (41ms)
Platform modules already initialized, skipping
OnLevelWasLoaded was found on PlayerMovement
This message has been deprecated and will be removed in a later version of Unity.
Add a delegate to SceneManager.sceneLoaded instead to get notifications after scene loading has completed
Refreshing native plugins compatible for Editor in 1.87 ms, found 3 plugins.
Preloading 0 native plugins for Editor in 0.00 ms.
Unloading 2220 Unused Serialized files (Serialized files now loaded: 0)
System memory in use before: 97.4 MB.
System memory in use after: 97.5 MB.

Unloading 17 unused Assets to reduce memory usage. Loaded Objects now: 2686.
Total: 13.082500 ms (FindLiveObjects: 1.005700 ms CreateObjectMapping: 0.477000 ms MarkObjects: 10.813800 ms  DeleteObjects: 0.780200 ms)

AssetImportParameters requested are different than current active one (requested -> active):
  custom:framework-win-MediaFoundation: 216162199b28c13a410421893ffa2e32 -> 
  custom:video-decoder-ogg-theora: a1e56fd34408186e4bbccfd4996cb3dc -> 
  custom:container-muxer-webm: aa71ff27fc2769a1b78a27578f13a17b -> 
  custom:container-demuxer-webm: 4f35f7cbe854078d1ac9338744f61a02 -> 
  custom:container-demuxer-ogg: 62fdf1f143b41e24485cea50d1cbac27 -> 
  custom:video-encoder-webm-vp8: eb34c28f22e8b96e1ab97ce403110664 -> 
  custom:video-decoder-webm-vp8: 9c59270c3fd7afecdb556c50c9e8de78 -> 
  custom:audio-decoder-ogg-vorbis: bf7c407c2cedff20999df2af8eb42d56 -> 
  custom:audio-encoder-webm-vorbis: bf7c407c2cedff20999df2af8eb42d56 -> 
========================================================================
Received Prepare
Registering precompiled user dll's ...
Registered in 3.447607 seconds.
Begin MonoManager ReloadAssembly
Native extension for WindowsStandalone target not found
Native extension for WebGL target not found
Refreshing native plugins compatible for Editor in 1.82 ms, found 3 plugins.
Preloading 0 native plugins for Editor in 0.00 ms.
Mono: successfully reloaded assembly
- Completed reload, in 14.452 seconds
Domain Reload Profiling:
	ReloadAssembly (14453ms)
		BeginReloadAssembly (457ms)
			ExecutionOrderSort (0ms)
			DisableScriptedObjects (29ms)
			BackupInstance (0ms)
			ReleaseScriptingObjects (0ms)
			CreateAndSetChildDomain (117ms)
		EndReloadAssembly (13654ms)
			LoadAssemblies (9890ms)
			RebuildTransferFunctionScriptingTraits (0ms)
			SetupTypeCache (1621ms)
			ReleaseScriptCaches (3ms)
			RebuildScriptCaches (224ms)
			SetupLoadedEditorAssemblies (1369ms)
				LogAssemblyErrors (0ms)
				InitializePlatformSupportModulesInManaged (27ms)
				SetLoadedEditorAssemblies (2ms)
				RefreshPlugins (2ms)
				BeforeProcessingInitializeOnLoad (290ms)
				ProcessInitializeOnLoadAttributes (963ms)
				ProcessInitializeOnLoadMethodAttributes (52ms)
				AfterProcessingInitializeOnLoad (33ms)
				EditorAssembliesLoaded (1ms)
			ExecutionOrderSort2 (0ms)
			AwakeInstancesAfterBackupRestoration (45ms)
Platform modules already initialized, skipping
OnLevelWasLoaded was found on PlayerMovement
This message has been deprecated and will be removed in a later version of Unity.
Add a delegate to SceneManager.sceneLoaded instead to get notifications after scene loading has completed
Refreshing native plugins compatible for Editor in 2.51 ms, found 3 plugins.
Preloading 0 native plugins for Editor in 0.00 ms.
Unloading 2220 Unused Serialized files (Serialized files now loaded: 0)
System memory in use before: 97.4 MB.
System memory in use after: 97.5 MB.

Unloading 17 unused Assets to reduce memory usage. Loaded Objects now: 2688.
Total: 13.508200 ms (FindLiveObjects: 0.948200 ms CreateObjectMapping: 0.350000 ms MarkObjects: 11.224800 ms  DeleteObjects: 0.979500 ms)

AssetImportParameters requested are different than current active one (requested -> active):
  custom:framework-win-MediaFoundation: 216162199b28c13a410421893ffa2e32 -> 
  custom:video-decoder-ogg-theora: a1e56fd34408186e4bbccfd4996cb3dc -> 
  custom:container-muxer-webm: aa71ff27fc2769a1b78a27578f13a17b -> 
  custom:container-demuxer-webm: 4f35f7cbe854078d1ac9338744f61a02 -> 
  custom:container-demuxer-ogg: 62fdf1f143b41e24485cea50d1cbac27 -> 
  custom:video-encoder-webm-vp8: eb34c28f22e8b96e1ab97ce403110664 -> 
  custom:video-decoder-webm-vp8: 9c59270c3fd7afecdb556c50c9e8de78 -> 
  custom:audio-decoder-ogg-vorbis: bf7c407c2cedff20999df2af8eb42d56 -> 
  custom:audio-encoder-webm-vorbis: bf7c407c2cedff20999df2af8eb42d56 -> 
AssetImportWorkerClient::OnTransportError - code=2 error=End of file
